<?xml version="1.0" encoding="UTF-8"?>
<!-- Generated by org.testng.reporters.JUnitReportReporter -->
<testsuite hostname="Bhojane" name="com.jbksitetest.qa.testcases.AddNewUsersPageTest" tests="2" failures="0" timestamp="21 Nov 2019 10:35:18 GMT" time="27.929" errors="0">
  <testcase name="addDetailsTest" time="16.549" classname="com.jbksitetest.qa.testcases.AddNewUsersPageTest"/>
  <testcase name="addDetailsTest" time="11.380" classname="com.jbksitetest.qa.testcases.AddNewUsersPageTest"/>
</testsuite> <!-- com.jbksitetest.qa.testcases.AddNewUsersPageTest -->
