<?xml version="1.0" encoding="UTF-8"?>
<!-- Generated by org.testng.reporters.JUnitReportReporter -->
<testsuite hostname="Bhojane" name="com.jbksitetest.qa.testcases.RegistrationPageTest" tests="1" failures="0" timestamp="14 Nov 2019 12:12:58 GMT" time="10.115" errors="0">
  <testcase name="registerMembrshipTest" time="10.115" classname="com.jbksitetest.qa.testcases.RegistrationPageTest"/>
</testsuite> <!-- com.jbksitetest.qa.testcases.RegistrationPageTest -->
