<?xml version="1.0" encoding="UTF-8"?>
<!-- Generated by org.testng.reporters.JUnitReportReporter -->
<testsuite hostname="Bhojane" name="com.jbksitetest.qa.testcases.LogOutTest" tests="1" failures="0" timestamp="14 Nov 2019 11:09:45 GMT" time="10.896" errors="0">
  <testcase name="successfulLogOutTest" time="10.896" classname="com.jbksitetest.qa.testcases.LogOutTest"/>
</testsuite> <!-- com.jbksitetest.qa.testcases.LogOutTest -->
