<?xml version="1.0" encoding="UTF-8"?>
<!-- Generated by org.testng.reporters.JUnitReportReporter -->
<testsuite hostname="Bhojane" name="com.jbksitetest.qa.testcases.OperatorsPageTest" tests="1" failures="0" timestamp="14 Nov 2019 09:35:15 GMT" time="31.545" errors="0">
  <testcase name="showTableData" time="31.545" classname="com.jbksitetest.qa.testcases.OperatorsPageTest"/>
</testsuite> <!-- com.jbksitetest.qa.testcases.OperatorsPageTest -->
