<?xml version="1.0" encoding="UTF-8"?>
<!-- Generated by org.testng.reporters.JUnitReportReporter -->
<testsuite hostname="Bhojane" name="com.jbksitetest.qa.testcases.DashboardPageTest" tests="7" failures="0" timestamp="22 Nov 2019 10:42:16 GMT" time="94.023" errors="0">
  <testcase name="verifyDashboradUserNameTest" time="15.934" classname="com.jbksitetest.qa.testcases.DashboardPageTest"/>
  <testcase name="clickOnlogOutLinkTest" time="12.570" classname="com.jbksitetest.qa.testcases.DashboardPageTest"/>
  <testcase name="clickOnForceLogOutTest" time="12.926" classname="com.jbksitetest.qa.testcases.DashboardPageTest"/>
  <testcase name="clickOnOperatorsLinkTest" time="12.655" classname="com.jbksitetest.qa.testcases.DashboardPageTest"/>
  <testcase name="verifyDashboradtitleTest" time="14.941" classname="com.jbksitetest.qa.testcases.DashboardPageTest"/>
  <testcase name="verifyDashboradUserStatusTest" time="12.429" classname="com.jbksitetest.qa.testcases.DashboardPageTest"/>
  <testcase name="clickOnUsersLinkTest" time="12.568" classname="com.jbksitetest.qa.testcases.DashboardPageTest"/>
</testsuite> <!-- com.jbksitetest.qa.testcases.DashboardPageTest -->
