<?xml version="1.0" encoding="UTF-8"?>
<!-- Generated by org.testng.reporters.JUnitReportReporter -->
<testsuite hostname="Bhojane" name="com.jbksitetest.qa.testcases.LoginPageTest" tests="1" failures="0" timestamp="24 Nov 2019 07:10:32 GMT" time="10.133" errors="0">
  <testcase name="loginTest" time="10.133" classname="com.jbksitetest.qa.testcases.LoginPageTest"/>
</testsuite> <!-- com.jbksitetest.qa.testcases.LoginPageTest -->
