<?xml version="1.0" encoding="UTF-8"?>
<!-- Generated by org.testng.reporters.JUnitReportReporter -->
<testsuite hostname="Bhojane" name="com.jbksitetest.qa.testcases.UsersPageTest" tests="2" failures="0" timestamp="16 Nov 2019 10:32:14 GMT" time="17.457" errors="0">
  <testcase name="addUserTest" time="8.896" classname="com.jbksitetest.qa.testcases.UsersPageTest"/>
  <testcase name="verifyUsersPageBylabelTest" time="8.561" classname="com.jbksitetest.qa.testcases.UsersPageTest"/>
</testsuite> <!-- com.jbksitetest.qa.testcases.UsersPageTest -->
